
------
914623785
652871394
378459612
723914856
541268937
869735421
185347269
297586143
436192578
------
914623785
652871394
378459612
723914856
541268937
869735421
185347269
297586143
436192578
------
914623785
652871394
378459612
723914856
541268937
869735421
185347269
297586143
436192578
------
914623785
652871394
378459612
723914856
541268937
869735421
185347269
297586143
436192578
------
914623785
652871394
378459612
723914856
541268937
869735421
185347269
297586143
436192578
------
914623785
652871394
378459612
723914856
541268937
869735421
185347269
297586143
436192578
------
914623785
652871394
378459612
723914856
541268937
869735421
185347269
297586143
436192578
------
914623785
652871394
378459612
723914856
541268937
869735421
185347269
297586143
436192578
------
914623785
652871394
378459612
723914856
541268937
869735421
185347269
297586143
436192578
------
914623785
652871394
378459612
723914856
541268937
869735421
185347269
297586143
436192578
------
914623785
652871394
378459612
723914856
541268937
869735421
185347269
297586143
436192578
------
914623785
652871394
378459612
723914856
541268937
869735421
185347269
297586143
436192578
------
914623785
652871394
378459612
723914856
541268937
869735421
185347269
297586143
436192578
------
914623785
652871394
378459612
723914856
541268937
869735421
185347269
297586143
436192578
------
914623785
652871394
378459612
723914856
541268937
869735421
185347269
297586143
436192578
------
914623785
652871394
378459612
723914856
541268937
869735421
185347269
297586143
436192578
------
914623785
652871394
378459612
723914856
541268937
869735421
185347269
297586143
436192578
------
914623785
652871394
378459612
723914856
541268937
869735421
185347269
297586143
436192578
------
914623785
652871394
378459612
723914856
541268937
869735421
185347269
297586143
436192578
------
914623785
652871394
378459612
723914856
541268937
869735421
185347269
297586143
436192578
------
914623785
652871394
378459612
723914856
541268937
869735421
185347269
297586143
436192578
------
914623785
652871394
378459612
723914856
541268937
869735421
185347269
297586143
436192578
------
914623785
652871394
378459612
723914856
541268937
869735421
185347269
297586143
436192578
------
914623785
652871394
378459612
723914856
541268937
869735421
185347269
297586143
436192578
------
914623785
652871394
378459612
723914856
541268937
869735421
185347269
297586143
436192578
